<?xml version="1.0" encoding="UTF-8"?>
<!-- Generated by org.testng.reporters.JUnitReportReporter -->
<testsuite hostname="DESKTOP-CVID0SG" failures="0" tests="3" name="test.Sample" time="0.023" errors="0" timestamp="2022-07-23T14:35:03 IST" skipped="0">
  <testcase classname="test.Sample" name="test2" time="0.002"/>
  <system-out/>
  <testcase classname="test.Sample" name="test1" time="0.017"/>
  <system-out/>
  <testcase classname="test.Sample" name="test3" time="0.004"/>
  <system-out/>
</testsuite> <!-- test.Sample -->
